[2019-06-05 09:28:01] WARN  org.springframework.context.support.AbstractApplicationContext 557 refresh - Exception encountered during context initialization - cancelling refresh attempt: org.springframework.beans.factory.BeanCreationException: Error creating bean with name 'springSecurityFilterChain' defined in class path resource [org/springframework/security/config/annotation/web/configuration/WebSecurityConfiguration.class]: Bean instantiation via factory method failed; nested exception is org.springframework.beans.BeanInstantiationException: Failed to instantiate [javax.servlet.Filter]: Factory method 'springSecurityFilterChain' threw exception; nested exception is java.lang.IllegalStateException: An incomplete mapping was found for [Ant [pattern='/swagger-ui.thml/**']]. Try completing it with something like requestUrls().<something>.hasRole('USER')
[2019-06-05 09:53:05] WARN  org.springframework.web.servlet.DispatcherServlet 1249 noHandlerFound - No mapping for GET /swagger-ui.html
[2019-06-05 09:53:08] WARN  org.springframework.web.servlet.DispatcherServlet 1249 noHandlerFound - No mapping for GET /swagger-ui.html
[2019-06-05 09:53:09] WARN  org.springframework.web.servlet.DispatcherServlet 1249 noHandlerFound - No mapping for GET /swagger-ui.html
[2019-06-05 09:53:36] WARN  org.springframework.web.servlet.DispatcherServlet 1249 noHandlerFound - No mapping for GET /swagger-ui.html
[2019-06-05 09:53:37] WARN  org.springframework.web.servlet.DispatcherServlet 1249 noHandlerFound - No mapping for GET /swagger-ui.html
[2019-06-05 09:57:36] WARN  org.springframework.web.servlet.DispatcherServlet 1249 noHandlerFound - No mapping for GET /swagger-ui.html
[2019-06-05 09:57:46] WARN  org.springframework.web.servlet.DispatcherServlet 1249 noHandlerFound - No mapping for GET /swagger-ui.html
[2019-06-05 10:00:52] WARN  org.springframework.web.servlet.DispatcherServlet 1249 noHandlerFound - No mapping for GET /swagger-ui.html
[2019-06-05 10:00:54] WARN  org.springframework.web.servlet.DispatcherServlet 1249 noHandlerFound - No mapping for GET /swagger-ui.html
[2019-06-05 13:38:28] WARN  org.springframework.web.servlet.DispatcherServlet 1249 noHandlerFound - No mapping for GET /
[2019-06-05 13:38:35] WARN  org.springframework.web.servlet.DispatcherServlet 1249 noHandlerFound - No mapping for GET /
[2019-06-05 13:38:35] WARN  org.springframework.web.servlet.DispatcherServlet 1249 noHandlerFound - No mapping for GET /csrf
[2019-06-05 13:38:56] WARN  org.springframework.web.servlet.DispatcherServlet 1249 noHandlerFound - No mapping for GET /
[2019-06-05 13:38:56] WARN  org.springframework.web.servlet.DispatcherServlet 1249 noHandlerFound - No mapping for GET /csrf
[2019-06-05 15:57:24] WARN  org.apache.velocity.util.DeprecationAwareExtProperties 62 warnDeprecated - configuration key 'file.resource.loader.unicode' has been deprecated in favor of 'resource.loader.file.unicode'
[2019-06-05 15:57:24] WARN  org.apache.velocity.util.DeprecationAwareExtProperties 62 warnDeprecated - configuration key 'file.resource.loader.path' has been deprecated in favor of 'resource.loader.file.path'
[2019-06-05 15:57:24] WARN  org.apache.velocity.util.DeprecationAwareExtProperties 62 warnDeprecated - configuration key 'file.resource.loader.class' has been deprecated in favor of 'resource.loader.file.class'
[2019-06-05 15:57:24] WARN  org.apache.velocity.util.DeprecationAwareExtProperties 62 warnDeprecated - configuration key 'input.encoding' has been deprecated in favor of 'resource.default_encoding'
[2019-06-05 16:52:52] WARN  org.springframework.web.servlet.DispatcherServlet 1249 noHandlerFound - No mapping for GET /
[2019-06-05 16:52:52] WARN  org.springframework.web.servlet.DispatcherServlet 1249 noHandlerFound - No mapping for GET /csrf
[2019-06-05 16:52:58] WARN  org.springframework.web.servlet.DispatcherServlet 1249 noHandlerFound - No mapping for GET /
[2019-06-05 16:52:58] WARN  org.springframework.web.servlet.DispatcherServlet 1249 noHandlerFound - No mapping for GET /csrf
[2019-06-05 16:54:21] WARN  org.springframework.web.servlet.DispatcherServlet 1249 noHandlerFound - No mapping for GET /
[2019-06-05 16:54:21] WARN  org.springframework.web.servlet.DispatcherServlet 1249 noHandlerFound - No mapping for GET /csrf
[2019-06-05 16:55:41] WARN  org.springframework.web.servlet.DispatcherServlet 1249 noHandlerFound - No mapping for GET /
[2019-06-05 16:55:41] WARN  org.springframework.web.servlet.DispatcherServlet 1249 noHandlerFound - No mapping for GET /csrf
[2019-06-05 16:57:30] WARN  org.springframework.web.servlet.DispatcherServlet 1249 noHandlerFound - No mapping for GET /
[2019-06-05 16:57:30] WARN  org.springframework.web.servlet.DispatcherServlet 1249 noHandlerFound - No mapping for GET /csrf
[2019-06-06 09:51:24] WARN  org.springframework.web.servlet.DispatcherServlet 1249 noHandlerFound - No mapping for GET /
[2019-06-06 09:51:24] WARN  org.springframework.web.servlet.DispatcherServlet 1249 noHandlerFound - No mapping for GET /csrf
